e:\documents\visual studio 2017\projects\artificial neural network\x64\debug\artificial neural network.lib
e:\documents\visual studio 2017\projects\artificial neural network\x64\debug\artificial neural network.exp
e:\documents\visual studio 2017\projects\artificial neural network\artificial neural network\x64\debug\artificial neural network.pch
e:\documents\visual studio 2017\projects\artificial neural network\artificial neural network\x64\debug\vc141.pdb
e:\documents\visual studio 2017\projects\artificial neural network\artificial neural network\x64\debug\vc141.idb
e:\documents\visual studio 2017\projects\artificial neural network\artificial neural network\x64\debug\stdafx.obj
e:\documents\visual studio 2017\projects\artificial neural network\artificial neural network\x64\debug\geneticsequence.obj
e:\documents\visual studio 2017\projects\artificial neural network\artificial neural network\x64\debug\dllmain.obj
e:\documents\visual studio 2017\projects\artificial neural network\artificial neural network\x64\debug\calculationnode.obj
e:\documents\visual studio 2017\projects\artificial neural network\artificial neural network\x64\debug\neuralnetwork.obj
e:\documents\visual studio 2017\projects\artificial neural network\x64\debug\artificial neural network.dll
e:\documents\visual studio 2017\projects\artificial neural network\x64\debug\artificial neural network.ilk
e:\documents\visual studio 2017\projects\artificial neural network\x64\debug\artificial neural network.pdb
e:\documents\visual studio 2017\projects\artificial neural network\artificial neural network\x64\debug\artifici.a6b35e58.tlog\artificial neural network.write.1u.tlog
e:\documents\visual studio 2017\projects\artificial neural network\artificial neural network\x64\debug\artifici.a6b35e58.tlog\cl.command.1.tlog
e:\documents\visual studio 2017\projects\artificial neural network\artificial neural network\x64\debug\artifici.a6b35e58.tlog\cl.read.1.tlog
e:\documents\visual studio 2017\projects\artificial neural network\artificial neural network\x64\debug\artifici.a6b35e58.tlog\cl.write.1.tlog
e:\documents\visual studio 2017\projects\artificial neural network\artificial neural network\x64\debug\artifici.a6b35e58.tlog\link.5048.delete.1.tlog
e:\documents\visual studio 2017\projects\artificial neural network\artificial neural network\x64\debug\artifici.a6b35e58.tlog\link.command.1.tlog
e:\documents\visual studio 2017\projects\artificial neural network\artificial neural network\x64\debug\artifici.a6b35e58.tlog\link.read.1.tlog
e:\documents\visual studio 2017\projects\artificial neural network\artificial neural network\x64\debug\artifici.a6b35e58.tlog\link.write.1.tlog
