e:\documents\visual studio 2017\projects\artificial neural network\x64\release\artificial neural network.ipdb
e:\documents\visual studio 2017\projects\artificial neural network\x64\release\artificial neural network.iobj
e:\documents\visual studio 2017\projects\artificial neural network\x64\release\artificial neural network.lib
e:\documents\visual studio 2017\projects\artificial neural network\x64\release\artificial neural network.exp
e:\documents\visual studio 2017\projects\artificial neural network\artificial neural network\x64\release\artificial neural network.pch
e:\documents\visual studio 2017\projects\artificial neural network\artificial neural network\x64\release\vc141.pdb
e:\documents\visual studio 2017\projects\artificial neural network\artificial neural network\x64\release\stdafx.obj
e:\documents\visual studio 2017\projects\artificial neural network\artificial neural network\x64\release\geneticsequence.obj
e:\documents\visual studio 2017\projects\artificial neural network\artificial neural network\x64\release\dllmain.obj
e:\documents\visual studio 2017\projects\artificial neural network\artificial neural network\x64\release\calculationnode.obj
e:\documents\visual studio 2017\projects\artificial neural network\artificial neural network\x64\release\neuralnetwork.obj
e:\documents\visual studio 2017\projects\artificial neural network\artificial neural network\x64\release\debug.obj
e:\documents\visual studio 2017\projects\artificial neural network\artificial neural network\x64\release\artificial neural network.obj
e:\documents\visual studio 2017\projects\artificial neural network\x64\release\artificial neural network.dll
e:\documents\visual studio 2017\projects\artificial neural network\x64\release\artificial neural network.pdb
e:\documents\visual studio 2017\projects\artificial neural network\artificial neural network\x64\release\artifici.a6b35e58.tlog\artificial neural network.write.1u.tlog
e:\documents\visual studio 2017\projects\artificial neural network\artificial neural network\x64\release\artifici.a6b35e58.tlog\cl.command.1.tlog
e:\documents\visual studio 2017\projects\artificial neural network\artificial neural network\x64\release\artifici.a6b35e58.tlog\cl.read.1.tlog
e:\documents\visual studio 2017\projects\artificial neural network\artificial neural network\x64\release\artifici.a6b35e58.tlog\cl.write.1.tlog
e:\documents\visual studio 2017\projects\artificial neural network\artificial neural network\x64\release\artifici.a6b35e58.tlog\link.command.1.tlog
e:\documents\visual studio 2017\projects\artificial neural network\artificial neural network\x64\release\artifici.a6b35e58.tlog\link.delete.1.tlog
e:\documents\visual studio 2017\projects\artificial neural network\artificial neural network\x64\release\artifici.a6b35e58.tlog\link.read.1.tlog
e:\documents\visual studio 2017\projects\artificial neural network\artificial neural network\x64\release\artifici.a6b35e58.tlog\link.write.1.tlog
